<?xml version="1.0" encoding="UTF-8"?>
<!-- Generated by org.testng.reporters.JUnitReportReporter -->
<testsuite hostname="Faisals-MacBook-Pro.local" failures="0" tests="1" name="LoginTestCase" time="2.943" errors="0" timestamp="2020-12-17T08:38:27 WIB" skipped="0">
  <testcase classname="LoginTestCase" name="verifyNumberOfData" time="2.943"/>
  <system-out/>
</testsuite> <!-- LoginTestCase -->
