<?xml version="1.0" encoding="UTF-8"?>
<!-- Generated by org.testng.reporters.JUnitReportReporter -->
<testsuite hostname="Faisals-MacBook-Pro.local" failures="0" tests="6" name="TestCase" time="17.283" errors="0" timestamp="2020-12-17T10:21:07 WIB" skipped="0">
  <testcase classname="TestCase" name="loginWithCorrectData" time="5.866"/>
  <system-out/>
  <testcase classname="TestCase" name="loginWithPasswordOnly" time="3.784"/>
  <system-out/>
  <testcase classname="TestCase" name="verifyImageNotBroken" time="1.903"/>
  <system-out/>
  <testcase classname="TestCase" name="verifyDataUsers" time="1.926"/>
  <system-out/>
  <testcase classname="TestCase" name="loginWithEmailOnly" time="2.966"/>
  <system-out/>
  <testcase classname="TestCase" name="verifyFormatEmail" time="0.838"/>
  <system-out/>
</testsuite> <!-- TestCase -->
