<?xml version="1.0" encoding="UTF-8"?>
<!-- Generated by org.testng.reporters.JUnitReportReporter -->
<testsuite hostname="Faisals-MacBook-Pro.local" failures="0" tests="6" name="ApiTest.TestCase" time="16.597" errors="0" timestamp="2020-12-17T11:14:35 WIB" skipped="0">
  <testcase classname="ApiTest.TestCase" name="loginWithCorrectData" time="5.514"/>
  <system-out/>
  <testcase classname="ApiTest.TestCase" name="verifyImageNotBroken" time="2.015"/>
  <system-out/>
  <testcase classname="ApiTest.TestCase" name="loginWithEmailOnly" time="2.710"/>
  <system-out/>
  <testcase classname="ApiTest.TestCase" name="verifyFormatEmail" time="0.732"/>
  <system-out/>
  <testcase classname="ApiTest.TestCase" name="verifyDataUsers" time="1.942"/>
  <system-out/>
  <testcase classname="ApiTest.TestCase" name="loginWithPasswordOnly" time="3.684"/>
  <system-out/>
</testsuite> <!-- ApiTest.TestCase -->
