<?xml version="1.0" encoding="UTF-8"?>
<!-- Generated by org.testng.reporters.JUnitReportReporter -->
<testsuite hostname="Faisals-MacBook-Pro.local" failures="0" tests="6" name="TestCase" time="13.127" errors="0" timestamp="2020-12-17T11:43:03 WIB" skipped="0">
  <testcase classname="TestCase" name="loginWithCorrectData" time="4.712"/>
  <system-out/>
  <testcase classname="TestCase" name="loginWithEmailOnly" time="1.769"/>
  <system-out/>
  <testcase classname="TestCase" name="loginWithPasswordOnly" time="2.560"/>
  <system-out/>
  <testcase classname="TestCase" name="verifyImageNotBroken" time="1.767"/>
  <system-out/>
  <testcase classname="TestCase" name="verifyFormatEmail" time="0.670"/>
  <system-out/>
  <testcase classname="TestCase" name="verifyDataUsers" time="1.649"/>
  <system-out/>
</testsuite> <!-- TestCase -->
