<?xml version="1.0" encoding="UTF-8"?>
<!-- Generated by org.testng.reporters.JUnitReportReporter -->
<testsuite hostname="Faisals-MacBook-Pro.local" failures="0" tests="6" name="TestCase" time="14.335" errors="0" timestamp="2020-12-17T08:55:12 WIB" skipped="0">
  <testcase classname="TestCase" name="loginWithCorrectData" time="4.725"/>
  <system-out/>
  <testcase classname="TestCase" name="loginWithPasswordOnly" time="3.170"/>
  <system-out/>
  <testcase classname="TestCase" name="verifyImageNotBroken" time="1.664"/>
  <system-out/>
  <testcase classname="TestCase" name="verifyDataUsers" time="1.629"/>
  <system-out/>
  <testcase classname="TestCase" name="loginWithEmailOnly" time="2.455"/>
  <system-out/>
  <testcase classname="TestCase" name="verifyFormatEmail" time="0.692"/>
  <system-out/>
</testsuite> <!-- TestCase -->
